<?xml version="1.0" encoding="UTF-8"?>
<!-- Generated by org.testng.reporters.JUnitXMLReporter -->
<testsuite hostname="GYAN-L-PC7" ignored="0" name="Default test" tests="5" failures="0" timestamp="10 Oct 2019 05:13:31 GMT" time="7.766" errors="0">
  <testcase name="CheckImages" time="0.007" classname="TestNg.HomeTest"/>
  <testcase name="CheckImages1" time="0.68" classname="TestNg.HomeTest"/>
  <testcase name="CheckTitle" time="0.016" classname="TestNg.HomeTest"/>
  <testcase name="HomePage" time="0.0" classname="TestNg.HomeTest"/>
  <testcase name="LoginTest" time="6.979" classname="TestNg.HomeTest"/>
</testsuite> <!-- Default test -->
